#
# A fatal error has been detected by the Java Runtime Environment:
#
#  EXCEPTION_UNCAUGHT_CXX_EXCEPTION (0xe06d7363) at pc=0x00007ffacd2e3b29, pid=13892, tid=5692
#
# JRE version: Java(TM) SE Runtime Environment (11.0.5+10) (build 11.0.5+10-LTS)
# Java VM: Java HotSpot(TM) 64-Bit Server VM (11.0.5+10-LTS, mixed mode, tiered, compressed oops, g1 gc, windows-amd64)
# Problematic frame:
# C  [KERNELBASE.dll+0x43b29]
#
# No core dump will be written. Minidumps are not enabled by default on client versions of Windows
#
# If you would like to submit a bug report, please visit:
#   http://bugreport.java.com/bugreport/crash.jsp
# The crash happened outside the Java Virtual Machine in native code.
# See problematic frame for where to report the bug.
#

---------------  S U M M A R Y ------------

Command Line: -agentlib:jdwp=transport=dt_socket,address=127.0.0.1:2019,suspend=y,server=n -Dmaven.multiModuleProjectDirectory=D:\iedaworkspace\travel -DarchetypeCatalog=internal -Dmaven.home=C:\Java\maven\apache-maven-3.6.3 -Dclassworlds.conf=C:\Java\maven\apache-maven-3.6.3\bin\m2.conf -Dmaven.ext.class.path=C:\Java\ieda\IntelliJ IDEA 2019.3.1\plugins\maven\lib\maven-event-listener.jar -javaagent:C:\Users\86186\.IntelliJIdea2019.3\system\captureAgent\debugger-agent.jar -Dfile.encoding=UTF-8 org.codehaus.classworlds.Launcher -Didea.version2019.3.1 -s C:\Java\maven\apache-maven-3.6.3\conf\settings.xml -Dmaven.repo.local=D:\maven\repository tomcat7:run

Host: Intel(R) Core(TM) i7-6700HQ CPU @ 2.60GHz, 8 cores, 15G,  Windows 10 , 64 bit Build 18362 (10.0.18362.1082)
Time: Sun Oct  4 15:01:59 2020 ?D1¨²¡À¨º¡Á?¨º¡À?? elapsed time: 522 seconds (0d 0h 8m 42s)

---------------  T H R E A D  ---------------

Current thread (0x000002818ac4d800):  JavaThread "JDWP Transport Listener: dt_socket" daemon [_thread_in_native, id=5692, stack(0x0000009026900000,0x0000009026a00000)]

Stack: [0x0000009026900000,0x0000009026a00000],  sp=0x00000090269f9d60,  free space=999k
Native frames: (J=compiled Java code, j=interpreted, Vv=VM code, C=native code)
C  [KERNELBASE.dll+0x43b29]
C  [uu_lsp64.dll+0x9054e]


siginfo: EXCEPTION_UNCAUGHT_CXX_EXCEPTION (0xe06d7363), ExceptionInformation=0x0000000019930520 0x00000090269fc480 0x00007ffabe99ff38 0x00007ffabe8c0000 


Register to memory mapping:

RIP=0x00007ffacd2e3b29 KERNELBASE.dll
RAX=0x0 is NULL
RBX=0x00000090269fbae0 is pointing into the stack for thread: 0x000002818ac4d800
RCX=0x0 is NULL
RDX=0x0 is NULL
RSP=0x00000090269f9d60 is pointing into the stack for thread: 0x000002818ac4d800
RBP=0x00000090269fa400 is pointing into the stack for thread: 0x000002818ac4d800
RSI=0x00000090269fc330 is pointing into the stack for thread: 0x000002818ac4d800
RDI=0x00000090269fab90 is pointing into the stack for thread: 0x000002818ac4d800
R8 =0x0 is NULL
R9 =0x0 is NULL
R10=0x0 is NULL
R11=0x0 is NULL
R12=0x00000090269fb1e8 is pointing into the stack for thread: 0x000002818ac4d800
R13=0x0 is NULL
R14=0x00000090269f9eb0 is pointing into the stack for thread: 0x000002818ac4d800
R15=0x00007ffabe96927e uu_lsp64.dll


Registers:
RAX=0x0000000000000000, RBX=0x00000090269fbae0, RCX=0x0000000000000000, RDX=0x0000000000000000
RSP=0x00000090269f9d60, RBP=0x00000090269fa400, RSI=0x00000090269fc330, RDI=0x00000090269fab90
R8 =0x0000000000000000, R9 =0x0000000000000000, R10=0x0000000000000000, R11=0x0000000000000000
R12=0x00000090269fb1e8, R13=0x0000000000000000, R14=0x00000090269f9eb0, R15=0x00007ffabe96927e
RIP=0x00007ffacd2e3b29, EFLAGS=0x0000000000000202

Top of Stack: (sp=0x00000090269f9d60)
0x00000090269f9d60:   0000000000000000 00000090269fbae0
0x00000090269f9d70:   00000090269fc330 0000000000000000
0x00000090269f9d80:   00000001e06d7363 0000000000000000
0x00000090269f9d90:   00007ffacd2e3b29 0000000000000004
0x00000090269f9da0:   0000000019930520 00000090269fc480
0x00000090269f9db0:   00007ffabe99ff38 00007ffabe8c0000
0x00000090269f9dc0:   0000a40fd511c8b4 00007ffabe9692bd
0x00000090269f9dd0:   00000090269fbae0 00007ffabe953826
0x00000090269f9de0:   0000009000000008 000002818b59b500
0x00000090269f9df0:   0000000000000000 00000090269fa400
0x00000090269f9e00:   00000090269fab90 00007ffabe95383f
0x00000090269f9e10:   00000090269fbae0 00000090269feb80
0x00000090269f9e20:   0000fbbb9c9a4532 0000000000000000
0x00000090269f9e30:   00000090269fbae0 00007ffabe95054e
0x00000090269f9e40:   00007ffabe96927e 00000090269fb1e8
0x00000090269f9e50:   0000000000000100 0000000000000000 

Instructions: (pc=0x00007ffacd2e3b29)
0x00007ffacd2e3b09:   8b d1 44 0f 47 c0 44 89 44 24 38 49 c1 e0 03 e8
0x00007ffacd2e3b19:   9a cb 04 00 48 8d 4c 24 20 48 ff 15 af 44 16 00
0x00007ffacd2e3b29:   0f 1f 44 00 00 48 8b 8c 24 c0 00 00 00 48 33 cc
0x00007ffacd2e3b39:   e8 92 5e 04 00 48 81 c4 d8 00 00 00 c3 83 64 24 


Stack slot to memory mapping:
stack at sp + 0 slots: 0x0 is NULL
stack at sp + 1 slots: 0x00000090269fbae0 is pointing into the stack for thread: 0x000002818ac4d800
stack at sp + 2 slots: 0x00000090269fc330 is pointing into the stack for thread: 0x000002818ac4d800
stack at sp + 3 slots: 0x0 is NULL
stack at sp + 4 slots: 0x00000001e06d7363 is an unknown value
stack at sp + 5 slots: 0x0 is NULL
stack at sp + 6 slots: 0x00007ffacd2e3b29 KERNELBASE.dll
stack at sp + 7 slots: 0x0000000000000004 is an unknown value


---------------  P R O C E S S  ---------------

Threads class SMR info:
_java_thread_list=0x000002818f9c9f90, length=28, elements={
0x00000281e67ed800, 0x000002818a077000, 0x000002818a07a800, 0x000002818a983800,
0x000002818a985800, 0x000002818a986800, 0x000002818a98c000, 0x000002818a991800,
0x000002818a900800, 0x000002818ac4d800, 0x000002818ac96800, 0x000002818ad70800,
0x00000281906a9800, 0x00000281906ad800, 0x00000281906ae800, 0x00000281906a8800,
0x00000281906ab000, 0x00000281906af000, 0x00000281906aa000, 0x00000281906ac800,
0x00000281906ac000, 0x000002818ad1c000, 0x000002818ad1d000, 0x000002818ad1b800,
0x000002818ad1d800, 0x000002818ad18000, 0x000002818ad1e800, 0x000002818ad19000
}

Java Threads: ( => current thread )
  0x00000281e67ed800 JavaThread "main" [_thread_blocked, id=5864, stack(0x0000009025800000,0x0000009025900000)]
  0x000002818a077000 JavaThread "Reference Handler" daemon [_thread_blocked, id=14740, stack(0x0000009025f00000,0x0000009026000000)]
  0x000002818a07a800 JavaThread "Finalizer" daemon [_thread_blocked, id=1140, stack(0x0000009026000000,0x0000009026100000)]
  0x000002818a983800 JavaThread "Signal Dispatcher" daemon [_thread_blocked, id=10812, stack(0x0000009026100000,0x0000009026200000)]
  0x000002818a985800 JavaThread "Attach Listener" daemon [_thread_blocked, id=14496, stack(0x0000009026200000,0x0000009026300000)]
  0x000002818a986800 JavaThread "C2 CompilerThread0" daemon [_thread_blocked, id=8328, stack(0x0000009026300000,0x0000009026400000)]
  0x000002818a98c000 JavaThread "C1 CompilerThread0" daemon [_thread_blocked, id=4892, stack(0x0000009026400000,0x0000009026500000)]
  0x000002818a991800 JavaThread "Sweeper thread" daemon [_thread_blocked, id=7532, stack(0x0000009026500000,0x0000009026600000)]
  0x000002818a900800 JavaThread "Common-Cleaner" daemon [_thread_blocked, id=1288, stack(0x0000009026600000,0x0000009026700000)]
=>0x000002818ac4d800 JavaThread "JDWP Transport Listener: dt_socket" daemon [_thread_in_native, id=5692, stack(0x0000009026900000,0x0000009026a00000)]
  0x000002818ac96800 JavaThread "JDWP Event Helper Thread" daemon [_thread_blocked, id=15080, stack(0x0000009026a00000,0x0000009026b00000)]
  0x000002818ad70800 JavaThread "Service Thread" daemon [_thread_blocked, id=14828, stack(0x0000009026c00000,0x0000009026d00000)]
  0x00000281906a9800 JavaThread "ContainerBackgroundProcessor[StandardEngine[Tomcat]]" daemon [_thread_blocked, id=2592, stack(0x0000009026700000,0x0000009026800000)]
  0x00000281906ad800 JavaThread "http-bio-80-Acceptor-0" daemon [_thread_in_native, id=10668, stack(0x0000009027300000,0x0000009027400000)]
  0x00000281906ae800 JavaThread "http-bio-80-AsyncTimeout" daemon [_thread_blocked, id=32, stack(0x0000009027700000,0x0000009027800000)]
  0x00000281906a8800 JavaThread "http-bio-80-exec-1" daemon [_thread_blocked, id=19132, stack(0x0000009027500000,0x0000009027600000)]
  0x00000281906ab000 JavaThread "http-bio-80-exec-2" daemon [_thread_blocked, id=2200, stack(0x0000009027800000,0x0000009027900000)]
  0x00000281906af000 JavaThread "http-bio-80-exec-3" daemon [_thread_blocked, id=2892, stack(0x0000009027900000,0x0000009027a00000)]
  0x00000281906aa000 JavaThread "http-bio-80-exec-4" daemon [_thread_blocked, id=992, stack(0x0000009027a00000,0x0000009027b00000)]
  0x00000281906ac800 JavaThread "http-bio-80-exec-5" daemon [_thread_blocked, id=14040, stack(0x0000009027b00000,0x0000009027c00000)]
  0x00000281906ac000 JavaThread "http-bio-80-exec-6" daemon [_thread_blocked, id=17664, stack(0x0000009027c00000,0x0000009027d00000)]
  0x000002818ad1c000 JavaThread "http-bio-80-exec-7" daemon [_thread_blocked, id=14860, stack(0x0000009027d00000,0x0000009027e00000)]
  0x000002818ad1d000 JavaThread "http-bio-80-exec-8" daemon [_thread_blocked, id=2556, stack(0x0000009027e00000,0x0000009027f00000)]
  0x000002818ad1b800 JavaThread "http-bio-80-exec-9" daemon [_thread_blocked, id=11832, stack(0x0000009027f00000,0x0000009028000000)]
  0x000002818ad1d800 JavaThread "http-bio-80-exec-10" daemon [_thread_blocked, id=11628, stack(0x0000009028000000,0x0000009028100000)]
  0x000002818ad18000 JavaThread "mysql-cj-abandoned-connection-cleanup" daemon [_thread_blocked, id=16692, stack(0x0000009028100000,0x0000009028200000)]
  0x000002818ad1e800 JavaThread "Druid-ConnectionPool-Create-506068486" daemon [_thread_blocked, id=4336, stack(0x0000009028400000,0x0000009028500000)]
  0x000002818ad19000 JavaThread "Druid-ConnectionPool-Destroy-506068486" daemon [_thread_blocked, id=8196, stack(0x0000009028500000,0x0000009028600000)]

Other Threads:
  0x000002818a062800 VMThread "VM Thread" [stack: 0x0000009025e00000,0x0000009025f00000] [id=9300]
  0x000002818ad85800 WatcherThread [stack: 0x0000009026d00000,0x0000009026e00000] [id=17136]
  0x00000281e6806000 GCTaskThread "GC Thread#0" [stack: 0x0000009025900000,0x0000009025a00000] [id=6688]
  0x000002818c195000 GCTaskThread "GC Thread#1" [stack: 0x0000009026e00000,0x0000009026f00000] [id=6776]
  0x000002818c196000 GCTaskThread "GC Thread#2" [stack: 0x0000009026f00000,0x0000009027000000] [id=11428]
  0x000002818c197000 GCTaskThread "GC Thread#3" [stack: 0x0000009027000000,0x0000009027100000] [id=14472]
  0x000002818c197800 GCTaskThread "GC Thread#4" [stack: 0x0000009027100000,0x0000009027200000] [id=17608]
  0x000002818c198800 GCTaskThread "GC Thread#5" [stack: 0x0000009027200000,0x0000009027300000] [id=16244]
  0x00000281e6863800 ConcurrentGCThread "G1 Main Marker" [stack: 0x0000009025a00000,0x0000009025b00000] [id=8064]
  0x00000281e6865000 ConcurrentGCThread "G1 Conc#0" [stack: 0x0000009025b00000,0x0000009025c00000] [id=8768]
  0x000002818c52c800 ConcurrentGCThread "G1 Conc#1" [stack: 0x0000009027400000,0x0000009027500000] [id=4676]
  0x0000028189f43800 ConcurrentGCThread "G1 Refine#0" [stack: 0x0000009025c00000,0x0000009025d00000] [id=19332]
  0x0000028189f44800 ConcurrentGCThread "G1 Young RemSet Sampling" [stack: 0x0000009025d00000,0x0000009025e00000] [id=2240]

Threads with active compile tasks:

VM state:not at safepoint (normal execution)

VM Mutex/Monitor currently owned by a thread: None

Heap address: 0x0000000703200000, size: 4046 MB, Compressed Oops mode: Zero based, Oop shift amount: 3
Narrow klass base: 0x0000000800000000, Narrow klass shift: 0
Compressed class space size: 1073741824 Address: 0x0000000800000000

Heap:
 garbage-first heap   total 260096K, used 80811K [0x0000000703200000, 0x0000000800000000)
  region size 1024K, 75 young (76800K), 18 survivors (18432K)
 Metaspace       used 48539K, capacity 49436K, committed 49712K, reserved 1093632K
  class space    used 5102K, capacity 5385K, committed 5504K, reserved 1048576K
Heap Regions: E=young(eden), S=young(survivor), O=old, HS=humongous(starts), HC=humongous(continues), CS=collection set, F=free, A=archive, TAMS=top-at-mark-start (previous, next)
|   0|0x0000000703200000, 0x0000000703300000, 0x0000000703300000|100%| O|  |TAMS 0x0000000703300000, 0x0000000703200000| Untracked 
|   1|0x0000000703300000, 0x0000000703400000, 0x0000000703400000|100%| O|  |TAMS 0x0000000703400000, 0x0000000703300000| Untracked 
|   2|0x0000000703400000, 0x0000000703500000, 0x0000000703500000|100%| O|  |TAMS 0x0000000703500000, 0x0000000703400000| Untracked 
|   3|0x0000000703500000, 0x0000000703600000, 0x0000000703600000|100%| O|  |TAMS 0x0000000703600000, 0x0000000703500000| Untracked 
|   4|0x0000000703600000, 0x0000000703700000, 0x0000000703700000|100%| O|  |TAMS 0x0000000703700000, 0x0000000703600000| Untracked 
|   5|0x0000000703700000, 0x0000000703800000, 0x0000000703800000|100%| O|  |TAMS 0x0000000703800000, 0x0000000703700000| Untracked 
|   6|0x0000000703800000, 0x0000000703806e00, 0x0000000703900000|  2%| O|  |TAMS 0x0000000703806e00, 0x0000000703800000| Untracked 
|   7|0x0000000703900000, 0x0000000703900000, 0x0000000703a00000|  0%| F|  |TAMS 0x0000000703900000, 0x0000000703900000| Untracked 
|   8|0x0000000703a00000, 0x0000000703a00000, 0x0000000703b00000|  0%| F|  |TAMS 0x0000000703a00000, 0x0000000703a00000| Untracked 
|   9|0x0000000703b00000, 0x0000000703b00000, 0x0000000703c00000|  0%| F|  |TAMS 0x0000000703b00000, 0x0000000703b00000| Untracked 
|  10|0x0000000703c00000, 0x0000000703c00000, 0x0000000703d00000|  0%| F|  |TAMS 0x0000000703c00000, 0x0000000703c00000| Untracked 
|  11|0x0000000703d00000, 0x0000000703d00000, 0x0000000703e00000|  0%| F|  |TAMS 0x0000000703d00000, 0x0000000703d00000| Untracked 
|  12|0x0000000703e00000, 0x0000000703e00000, 0x0000000703f00000|  0%| F|  |TAMS 0x0000000703e00000, 0x0000000703e00000| Untracked 
|  13|0x0000000703f00000, 0x0000000703f00000, 0x0000000704000000|  0%| F|  |TAMS 0x0000000703f00000, 0x0000000703f00000| Untracked 
|  14|0x0000000704000000, 0x0000000704000000, 0x0000000704100000|  0%| F|  |TAMS 0x0000000704000000, 0x0000000704000000| Untracked 
|  15|0x0000000704100000, 0x0000000704100000, 0x0000000704200000|  0%| F|  |TAMS 0x0000000704100000, 0x0000000704100000| Untracked 
|  16|0x0000000704200000, 0x0000000704200000, 0x0000000704300000|  0%| F|  |TAMS 0x0000000704200000, 0x0000000704200000| Untracked 
|  17|0x0000000704300000, 0x0000000704300000, 0x0000000704400000|  0%| F|  |TAMS 0x0000000704300000, 0x0000000704300000| Untracked 
|  18|0x0000000704400000, 0x0000000704400000, 0x0000000704500000|  0%| F|  |TAMS 0x0000000704400000, 0x0000000704400000| Untracked 
|  19|0x0000000704500000, 0x0000000704500000, 0x0000000704600000|  0%| F|  |TAMS 0x0000000704500000, 0x0000000704500000| Untracked 
|  20|0x0000000704600000, 0x0000000704600000, 0x0000000704700000|  0%| F|  |TAMS 0x0000000704600000, 0x0000000704600000| Untracked 
|  21|0x0000000704700000, 0x0000000704700000, 0x0000000704800000|  0%| F|  |TAMS 0x0000000704700000, 0x0000000704700000| Untracked 
|  22|0x0000000704800000, 0x0000000704800000, 0x0000000704900000|  0%| F|  |TAMS 0x0000000704800000, 0x0000000704800000| Untracked 
|  23|0x0000000704900000, 0x0000000704900000, 0x0000000704a00000|  0%| F|  |TAMS 0x0000000704900000, 0x0000000704900000| Untracked 
|  24|0x0000000704a00000, 0x0000000704a00000, 0x0000000704b00000|  0%| F|  |TAMS 0x0000000704a00000, 0x0000000704a00000| Untracked 
|  25|0x0000000704b00000, 0x0000000704b00000, 0x0000000704c00000|  0%| F|  |TAMS 0x0000000704b00000, 0x0000000704b00000| Untracked 
|  26|0x0000000704c00000, 0x0000000704c00000, 0x0000000704d00000|  0%| F|  |TAMS 0x0000000704c00000, 0x0000000704c00000| Untracked 
|  27|0x0000000704d00000, 0x0000000704d00000, 0x0000000704e00000|  0%| F|  |TAMS 0x0000000704d00000, 0x0000000704d00000| Untracked 
|  28|0x0000000704e00000, 0x0000000704e00000, 0x0000000704f00000|  0%| F|  |TAMS 0x0000000704e00000, 0x0000000704e00000| Untracked 
|  29|0x0000000704f00000, 0x0000000704f00000, 0x0000000705000000|  0%| F|  |TAMS 0x0000000704f00000, 0x0000000704f00000| Untracked 
|  30|0x0000000705000000, 0x0000000705000000, 0x0000000705100000|  0%| F|  |TAMS 0x0000000705000000, 0x0000000705000000| Untracked 
|  31|0x0000000705100000, 0x0000000705100000, 0x0000000705200000|  0%| F|  |TAMS 0x0000000705100000, 0x0000000705100000| Untracked 
|  32|0x0000000705200000, 0x0000000705200000, 0x0000000705300000|  0%| F|  |TAMS 0x0000000705200000, 0x0000000705200000| Untracked 
|  33|0x0000000705300000, 0x0000000705300000, 0x0000000705400000|  0%| F|  |TAMS 0x0000000705300000, 0x0000000705300000| Untracked 
|  34|0x0000000705400000, 0x0000000705400000, 0x0000000705500000|  0%| F|  |TAMS 0x0000000705400000, 0x0000000705400000| Untracked 
|  35|0x0000000705500000, 0x0000000705500000, 0x0000000705600000|  0%| F|  |TAMS 0x0000000705500000, 0x0000000705500000| Untracked 
|  36|0x0000000705600000, 0x0000000705600000, 0x0000000705700000|  0%| F|  |TAMS 0x0000000705600000, 0x0000000705600000| Untracked 
|  37|0x0000000705700000, 0x0000000705700000, 0x0000000705800000|  0%| F|  |TAMS 0x0000000705700000, 0x0000000705700000| Untracked 
|  38|0x0000000705800000, 0x0000000705800000, 0x0000000705900000|  0%| F|  |TAMS 0x0000000705800000, 0x0000000705800000| Untracked 
|  39|0x0000000705900000, 0x0000000705900000, 0x0000000705a00000|  0%| F|  |TAMS 0x0000000705900000, 0x0000000705900000| Untracked 
|  40|0x0000000705a00000, 0x0000000705a00000, 0x0000000705b00000|  0%| F|  |TAMS 0x0000000705a00000, 0x0000000705a00000| Untracked 
|  41|0x0000000705b00000, 0x0000000705b00000, 0x0000000705c00000|  0%| F|  |TAMS 0x0000000705b00000, 0x0000000705b00000| Untracked 
|  42|0x0000000705c00000, 0x0000000705c00000, 0x0000000705d00000|  0%| F|  |TAMS 0x0000000705c00000, 0x0000000705c00000| Untracked 
|  43|0x0000000705d00000, 0x0000000705d00000, 0x0000000705e00000|  0%| F|  |TAMS 0x0000000705d00000, 0x0000000705d00000| Untracked 
|  44|0x0000000705e00000, 0x0000000705e00000, 0x0000000705f00000|  0%| F|  |TAMS 0x0000000705e00000, 0x0000000705e00000| Untracked 
|  45|0x0000000705f00000, 0x0000000705f00000, 0x0000000706000000|  0%| F|  |TAMS 0x0000000705f00000, 0x0000000705f00000| Untracked 
|  46|0x0000000706000000, 0x0000000706000000, 0x0000000706100000|  0%| F|  |TAMS 0x0000000706000000, 0x0000000706000000| Untracked 
|  47|0x0000000706100000, 0x0000000706100000, 0x0000000706200000|  0%| F|  |TAMS 0x0000000706100000, 0x0000000706100000| Untracked 
|  48|0x0000000706200000, 0x0000000706200000, 0x0000000706300000|  0%| F|  |TAMS 0x0000000706200000, 0x0000000706200000| Untracked 
|  49|0x0000000706300000, 0x0000000706300000, 0x0000000706400000|  0%| F|  |TAMS 0x0000000706300000, 0x0000000706300000| Untracked 
|  50|0x0000000706400000, 0x0000000706400000, 0x0000000706500000|  0%| F|  |TAMS 0x0000000706400000, 0x0000000706400000| Untracked 
|  51|0x0000000706500000, 0x0000000706500000, 0x0000000706600000|  0%| F|  |TAMS 0x0000000706500000, 0x0000000706500000| Untracked 
|  52|0x0000000706600000, 0x0000000706600000, 0x0000000706700000|  0%| F|  |TAMS 0x0000000706600000, 0x0000000706600000| Untracked 
|  53|0x0000000706700000, 0x0000000706700000, 0x0000000706800000|  0%| F|  |TAMS 0x0000000706700000, 0x0000000706700000| Untracked 
|  54|0x0000000706800000, 0x0000000706800000, 0x0000000706900000|  0%| F|  |TAMS 0x0000000706800000, 0x0000000706800000| Untracked 
|  55|0x0000000706900000, 0x0000000706900000, 0x0000000706a00000|  0%| F|  |TAMS 0x0000000706900000, 0x0000000706900000| Untracked 
|  56|0x0000000706a00000, 0x0000000706a00000, 0x0000000706b00000|  0%| F|  |TAMS 0x0000000706a00000, 0x0000000706a00000| Untracked 
|  57|0x0000000706b00000, 0x0000000706b00000, 0x0000000706c00000|  0%| F|  |TAMS 0x0000000706b00000, 0x0000000706b00000| Untracked 
|  58|0x0000000706c00000, 0x0000000706c00000, 0x0000000706d00000|  0%| F|  |TAMS 0x0000000706c00000, 0x0000000706c00000| Untracked 
|  59|0x0000000706d00000, 0x0000000706d00000, 0x0000000706e00000|  0%| F|  |TAMS 0x0000000706d00000, 0x0000000706d00000| Untracked 
|  60|0x0000000706e00000, 0x0000000706e00000, 0x0000000706f00000|  0%| F|  |TAMS 0x0000000706e00000, 0x0000000706e00000| Untracked 
|  61|0x0000000706f00000, 0x0000000706f00000, 0x0000000707000000|  0%| F|  |TAMS 0x0000000706f00000, 0x0000000706f00000| Untracked 
|  62|0x0000000707000000, 0x0000000707000000, 0x0000000707100000|  0%| F|  |TAMS 0x0000000707000000, 0x0000000707000000| Untracked 
|  63|0x0000000707100000, 0x0000000707100000, 0x0000000707200000|  0%| F|  |TAMS 0x0000000707100000, 0x0000000707100000| Untracked 
|  64|0x0000000707200000, 0x0000000707200000, 0x0000000707300000|  0%| F|  |TAMS 0x0000000707200000, 0x0000000707200000| Untracked 
|  65|0x0000000707300000, 0x0000000707300000, 0x0000000707400000|  0%| F|  |TAMS 0x0000000707300000, 0x0000000707300000| Untracked 
|  66|0x0000000707400000, 0x0000000707400000, 0x0000000707500000|  0%| F|  |TAMS 0x0000000707400000, 0x0000000707400000| Untracked 
|  67|0x0000000707500000, 0x0000000707500000, 0x0000000707600000|  0%| F|  |TAMS 0x0000000707500000, 0x0000000707500000| Untracked 
|  68|0x0000000707600000, 0x0000000707600000, 0x0000000707700000|  0%| F|  |TAMS 0x0000000707600000, 0x0000000707600000| Untracked 
|  69|0x0000000707700000, 0x0000000707700000, 0x0000000707800000|  0%| F|  |TAMS 0x0000000707700000, 0x0000000707700000| Untracked 
|  70|0x0000000707800000, 0x0000000707800000, 0x0000000707900000|  0%| F|  |TAMS 0x0000000707800000, 0x0000000707800000| Untracked 
|  71|0x0000000707900000, 0x0000000707900000, 0x0000000707a00000|  0%| F|  |TAMS 0x0000000707900000, 0x0000000707900000| Untracked 
|  72|0x0000000707a00000, 0x0000000707a00000, 0x0000000707b00000|  0%| F|  |TAMS 0x0000000707a00000, 0x0000000707a00000| Untracked 
|  73|0x0000000707b00000, 0x0000000707b00000, 0x0000000707c00000|  0%| F|  |TAMS 0x0000000707b00000, 0x0000000707b00000| Untracked 
|  74|0x0000000707c00000, 0x0000000707c00000, 0x0000000707d00000|  0%| F|  |TAMS 0x0000000707c00000, 0x0000000707c00000| Untracked 
|  75|0x0000000707d00000, 0x0000000707d00000, 0x0000000707e00000|  0%| F|  |TAMS 0x0000000707d00000, 0x0000000707d00000| Untracked 
|  76|0x0000000707e00000, 0x0000000707e00000, 0x0000000707f00000|  0%| F|  |TAMS 0x0000000707e00000, 0x0000000707e00000| Untracked 
|  77|0x0000000707f00000, 0x0000000707f00000, 0x0000000708000000|  0%| F|  |TAMS 0x0000000707f00000, 0x0000000707f00000| Untracked 
|  78|0x0000000708000000, 0x0000000708000000, 0x0000000708100000|  0%| F|  |TAMS 0x0000000708000000, 0x0000000708000000| Untracked 
|  79|0x0000000708100000, 0x0000000708100000, 0x0000000708200000|  0%| F|  |TAMS 0x0000000708100000, 0x0000000708100000| Untracked 
|  80|0x0000000708200000, 0x0000000708200000, 0x0000000708300000|  0%| F|  |TAMS 0x0000000708200000, 0x0000000708200000| Untracked 
|  81|0x0000000708300000, 0x0000000708300000, 0x0000000708400000|  0%| F|  |TAMS 0x0000000708300000, 0x0000000708300000| Untracked 
|  82|0x0000000708400000, 0x0000000708400000, 0x0000000708500000|  0%| F|  |TAMS 0x0000000708400000, 0x0000000708400000| Untracked 
|  83|0x0000000708500000, 0x0000000708500000, 0x0000000708600000|  0%| F|  |TAMS 0x0000000708500000, 0x0000000708500000| Untracked 
|  84|0x0000000708600000, 0x0000000708600000, 0x0000000708700000|  0%| F|  |TAMS 0x0000000708600000, 0x0000000708600000| Untracked 
|  85|0x0000000708700000, 0x0000000708700000, 0x0000000708800000|  0%| F|  |TAMS 0x0000000708700000, 0x0000000708700000| Untracked 
|  86|0x0000000708800000, 0x0000000708800000, 0x0000000708900000|  0%| F|  |TAMS 0x0000000708800000, 0x0000000708800000| Untracked 
|  87|0x0000000708900000, 0x0000000708900000, 0x0000000708a00000|  0%| F|  |TAMS 0x0000000708900000, 0x0000000708900000| Untracked 
|  88|0x0000000708a00000, 0x0000000708a00000, 0x0000000708b00000|  0%| F|  |TAMS 0x0000000708a00000, 0x0000000708a00000| Untracked 
|  89|0x0000000708b00000, 0x0000000708b00000, 0x0000000708c00000|  0%| F|  |TAMS 0x0000000708b00000, 0x0000000708b00000| Untracked 
|  90|0x0000000708c00000, 0x0000000708c00000, 0x0000000708d00000|  0%| F|  |TAMS 0x0000000708c00000, 0x0000000708c00000| Untracked 
|  91|0x0000000708d00000, 0x0000000708d00000, 0x0000000708e00000|  0%| F|  |TAMS 0x0000000708d00000, 0x0000000708d00000| Untracked 
|  92|0x0000000708e00000, 0x0000000708e00000, 0x0000000708f00000|  0%| F|  |TAMS 0x0000000708e00000, 0x0000000708e00000| Untracked 
|  93|0x0000000708f00000, 0x0000000708f00000, 0x0000000709000000|  0%| F|  |TAMS 0x0000000708f00000, 0x0000000708f00000| Untracked 
|  94|0x0000000709000000, 0x0000000709000000, 0x0000000709100000|  0%| F|  |TAMS 0x0000000709000000, 0x0000000709000000| Untracked 
|  95|0x0000000709100000, 0x0000000709100000, 0x0000000709200000|  0%| F|  |TAMS 0x0000000709100000, 0x0000000709100000| Untracked 
|  96|0x0000000709200000, 0x0000000709200000, 0x0000000709300000|  0%| F|  |TAMS 0x0000000709200000, 0x0000000709200000| Untracked 
|  97|0x0000000709300000, 0x0000000709300000, 0x0000000709400000|  0%| F|  |TAMS 0x0000000709300000, 0x0000000709300000| Untracked 
|  98|0x0000000709400000, 0x0000000709400000, 0x0000000709500000|  0%| F|  |TAMS 0x0000000709400000, 0x0000000709400000| Untracked 
|  99|0x0000000709500000, 0x0000000709500000, 0x0000000709600000|  0%| F|  |TAMS 0x0000000709500000, 0x0000000709500000| Untracked 
| 100|0x0000000709600000, 0x0000000709600000, 0x0000000709700000|  0%| F|  |TAMS 0x0000000709600000, 0x0000000709600000| Untracked 
| 101|0x0000000709700000, 0x0000000709700000, 0x0000000709800000|  0%| F|  |TAMS 0x0000000709700000, 0x0000000709700000| Untracked 
| 102|0x0000000709800000, 0x0000000709800000, 0x0000000709900000|  0%| F|  |TAMS 0x0000000709800000, 0x0000000709800000| Untracked 
| 103|0x0000000709900000, 0x0000000709900000, 0x0000000709a00000|  0%| F|  |TAMS 0x0000000709900000, 0x0000000709900000| Untracked 
| 104|0x0000000709a00000, 0x0000000709a00000, 0x0000000709b00000|  0%| F|  |TAMS 0x0000000709a00000, 0x0000000709a00000| Untracked 
| 105|0x0000000709b00000, 0x0000000709b00000, 0x0000000709c00000|  0%| F|  |TAMS 0x0000000709b00000, 0x0000000709b00000| Untracked 
| 106|0x0000000709c00000, 0x0000000709c00000, 0x0000000709d00000|  0%| F|  |TAMS 0x0000000709c00000, 0x0000000709c00000| Untracked 
| 107|0x0000000709d00000, 0x0000000709d00000, 0x0000000709e00000|  0%| F|  |TAMS 0x0000000709d00000, 0x0000000709d00000| Untracked 
| 108|0x0000000709e00000, 0x0000000709e00000, 0x0000000709f00000|  0%| F|  |TAMS 0x0000000709e00000, 0x0000000709e00000| Untracked 
| 109|0x0000000709f00000, 0x0000000709f00000, 0x000000070a000000|  0%| F|  |TAMS 0x0000000709f00000, 0x0000000709f00000| Untracked 
| 110|0x000000070a000000, 0x000000070a000000, 0x000000070a100000|  0%| F|  |TAMS 0x000000070a000000, 0x000000070a000000| Untracked 
| 111|0x000000070a100000, 0x000000070a100000, 0x000000070a200000|  0%| F|  |TAMS 0x000000070a100000, 0x000000070a100000| Untracked 
| 112|0x000000070a200000, 0x000000070a200000, 0x000000070a300000|  0%| F|  |TAMS 0x000000070a200000, 0x000000070a200000| Untracked 
| 113|0x000000070a300000, 0x000000070a300000, 0x000000070a400000|  0%| F|  |TAMS 0x000000070a300000, 0x000000070a300000| Untracked 
| 114|0x000000070a400000, 0x000000070a400000, 0x000000070a500000|  0%| F|  |TAMS 0x000000070a400000, 0x000000070a400000| Untracked 
| 115|0x000000070a500000, 0x000000070a500000, 0x000000070a600000|  0%| F|  |TAMS 0x000000070a500000, 0x000000070a500000| Untracked 
| 116|0x000000070a600000, 0x000000070a600000, 0x000000070a700000|  0%| F|  |TAMS 0x000000070a600000, 0x000000070a600000| Untracked 
| 117|0x000000070a700000, 0x000000070a700000, 0x000000070a800000|  0%| F|  |TAMS 0x000000070a700000, 0x000000070a700000| Untracked 
| 118|0x000000070a800000, 0x000000070a800000, 0x000000070a900000|  0%| F|  |TAMS 0x000000070a800000, 0x000000070a800000| Untracked 
| 119|0x000000070a900000, 0x000000070a900000, 0x000000070aa00000|  0%| F|  |TAMS 0x000000070a900000, 0x000000070a900000| Untracked 
| 120|0x000000070aa00000, 0x000000070aa00000, 0x000000070ab00000|  0%| F|  |TAMS 0x000000070aa00000, 0x000000070aa00000| Untracked 
| 121|0x000000070ab00000, 0x000000070ab00000, 0x000000070ac00000|  0%| F|  |TAMS 0x000000070ab00000, 0x000000070ab00000| Untracked 
| 122|0x000000070ac00000, 0x000000070ac00000, 0x000000070ad00000|  0%| F|  |TAMS 0x000000070ac00000, 0x000000070ac00000| Untracked 
| 123|0x000000070ad00000, 0x000000070ad00000, 0x000000070ae00000|  0%| F|  |TAMS 0x000000070ad00000, 0x000000070ad00000| Untracked 
| 124|0x000000070ae00000, 0x000000070ae00000, 0x000000070af00000|  0%| F|  |TAMS 0x000000070ae00000, 0x000000070ae00000| Untracked 
| 125|0x000000070af00000, 0x000000070af00000, 0x000000070b000000|  0%| F|  |TAMS 0x000000070af00000, 0x000000070af00000| Untracked 
| 126|0x000000070b000000, 0x000000070b000000, 0x000000070b100000|  0%| F|  |TAMS 0x000000070b000000, 0x000000070b000000| Untracked 
| 127|0x000000070b100000, 0x000000070b100000, 0x000000070b200000|  0%| F|  |TAMS 0x000000070b100000, 0x000000070b100000| Untracked 
| 128|0x000000070b200000, 0x000000070b200000, 0x000000070b300000|  0%| F|  |TAMS 0x000000070b200000, 0x000000070b200000| Untracked 
| 129|0x000000070b300000, 0x000000070b300000, 0x000000070b400000|  0%| F|  |TAMS 0x000000070b300000, 0x000000070b300000| Untracked 
| 130|0x000000070b400000, 0x000000070b400000, 0x000000070b500000|  0%| F|  |TAMS 0x000000070b400000, 0x000000070b400000| Untracked 
| 131|0x000000070b500000, 0x000000070b500000, 0x000000070b600000|  0%| F|  |TAMS 0x000000070b500000, 0x000000070b500000| Untracked 
| 132|0x000000070b600000, 0x000000070b600000, 0x000000070b700000|  0%| F|  |TAMS 0x000000070b600000, 0x000000070b600000| Untracked 
| 133|0x000000070b700000, 0x000000070b700000, 0x000000070b800000|  0%| F|  |TAMS 0x000000070b700000, 0x000000070b700000| Untracked 
| 134|0x000000070b800000, 0x000000070b800000, 0x000000070b900000|  0%| F|  |TAMS 0x000000070b800000, 0x000000070b800000| Untracked 
| 135|0x000000070b900000, 0x000000070b900000, 0x000000070ba00000|  0%| F|  |TAMS 0x000000070b900000, 0x000000070b900000| Untracked 
| 136|0x000000070ba00000, 0x000000070ba00000, 0x000000070bb00000|  0%| F|  |TAMS 0x000000070ba00000, 0x000000070ba00000| Untracked 
| 137|0x000000070bb00000, 0x000000070bb00000, 0x000000070bc00000|  0%| F|  |TAMS 0x000000070bb00000, 0x000000070bb00000| Untracked 
| 138|0x000000070bc00000, 0x000000070bc00000, 0x000000070bd00000|  0%| F|  |TAMS 0x000000070bc00000, 0x000000070bc00000| Untracked 
| 139|0x000000070bd00000, 0x000000070bd00000, 0x000000070be00000|  0%| F|  |TAMS 0x000000070bd00000, 0x000000070bd00000| Untracked 
| 140|0x000000070be00000, 0x000000070be00000, 0x000000070bf00000|  0%| F|  |TAMS 0x000000070be00000, 0x000000070be00000| Untracked 
| 141|0x000000070bf00000, 0x000000070bf00000, 0x000000070c000000|  0%| F|  |TAMS 0x000000070bf00000, 0x000000070bf00000| Untracked 
| 142|0x000000070c000000, 0x000000070c000000, 0x000000070c100000|  0%| F|  |TAMS 0x000000070c000000, 0x000000070c000000| Untracked 
| 143|0x000000070c100000, 0x000000070c100000, 0x000000070c200000|  0%| F|  |TAMS 0x000000070c100000, 0x000000070c100000| Untracked 
| 144|0x000000070c200000, 0x000000070c200000, 0x000000070c300000|  0%| F|  |TAMS 0x000000070c200000, 0x000000070c200000| Untracked 
| 145|0x000000070c300000, 0x000000070c300000, 0x000000070c400000|  0%| F|  |TAMS 0x000000070c300000, 0x000000070c300000| Untracked 
| 146|0x000000070c400000, 0x000000070c400000, 0x000000070c500000|  0%| F|  |TAMS 0x000000070c400000, 0x000000070c400000| Untracked 
| 147|0x000000070c500000, 0x000000070c500000, 0x000000070c600000|  0%| F|  |TAMS 0x000000070c500000, 0x000000070c500000| Untracked 
| 148|0x000000070c600000, 0x000000070c600000, 0x000000070c700000|  0%| F|  |TAMS 0x000000070c600000, 0x000000070c600000| Untracked 
| 149|0x000000070c700000, 0x000000070c700000, 0x000000070c800000|  0%| F|  |TAMS 0x000000070c700000, 0x000000070c700000| Untracked 
| 150|0x000000070c800000, 0x000000070c800000, 0x000000070c900000|  0%| F|  |TAMS 0x000000070c800000, 0x000000070c800000| Untracked 
| 151|0x000000070c900000, 0x000000070c900000, 0x000000070ca00000|  0%| F|  |TAMS 0x000000070c900000, 0x000000070c900000| Untracked 
| 152|0x000000070ca00000, 0x000000070ca00000, 0x000000070cb00000|  0%| F|  |TAMS 0x000000070ca00000, 0x000000070ca00000| Untracked 
| 153|0x000000070cb00000, 0x000000070cbe41b0, 0x000000070cc00000| 89%| S|CS|TAMS 0x000000070cb00000, 0x000000070cb00000| Complete 
| 154|0x000000070cc00000, 0x000000070cd00000, 0x000000070cd00000|100%| S|CS|TAMS 0x000000070cc00000, 0x000000070cc00000| Complete 
| 155|0x000000070cd00000, 0x000000070ce00000, 0x000000070ce00000|100%| S|CS|TAMS 0x000000070cd00000, 0x000000070cd00000| Complete 
| 156|0x000000070ce00000, 0x000000070cf00000, 0x000000070cf00000|100%| S|CS|TAMS 0x000000070ce00000, 0x000000070ce00000| Complete 
| 157|0x000000070cf00000, 0x000000070d000000, 0x000000070d000000|100%| S|CS|TAMS 0x000000070cf00000, 0x000000070cf00000| Complete 
| 158|0x000000070d000000, 0x000000070d100000, 0x000000070d100000|100%| S|CS|TAMS 0x000000070d000000, 0x000000070d000000| Complete 
| 159|0x000000070d100000, 0x000000070d200000, 0x000000070d200000|100%| S|CS|TAMS 0x000000070d100000, 0x000000070d100000| Complete 
| 160|0x000000070d200000, 0x000000070d300000, 0x000000070d300000|100%| S|CS|TAMS 0x000000070d200000, 0x000000070d200000| Complete 
| 161|0x000000070d300000, 0x000000070d400000, 0x000000070d400000|100%| S|CS|TAMS 0x000000070d300000, 0x000000070d300000| Complete 
| 162|0x000000070d400000, 0x000000070d500000, 0x000000070d500000|100%| S|CS|TAMS 0x000000070d400000, 0x000000070d400000| Complete 
| 163|0x000000070d500000, 0x000000070d600000, 0x000000070d600000|100%| S|CS|TAMS 0x000000070d500000, 0x000000070d500000| Complete 
| 164|0x000000070d600000, 0x000000070d700000, 0x000000070d700000|100%| S|CS|TAMS 0x000000070d600000, 0x000000070d600000| Complete 
| 165|0x000000070d700000, 0x000000070d800000, 0x000000070d800000|100%| S|CS|TAMS 0x000000070d700000, 0x000000070d700000| Complete 
| 166|0x000000070d800000, 0x000000070d900000, 0x000000070d900000|100%| S|CS|TAMS 0x000000070d800000, 0x000000070d800000| Complete 
| 167|0x000000070d900000, 0x000000070da00000, 0x000000070da00000|100%| S|CS|TAMS 0x000000070d900000, 0x000000070d900000| Complete 
| 168|0x000000070da00000, 0x000000070db00000, 0x000000070db00000|100%| S|CS|TAMS 0x000000070da00000, 0x000000070da00000| Complete 
| 169|0x000000070db00000, 0x000000070dc00000, 0x000000070dc00000|100%| S|CS|TAMS 0x000000070db00000, 0x000000070db00000| Complete 
| 170|0x000000070dc00000, 0x000000070dd00000, 0x000000070dd00000|100%| S|CS|TAMS 0x000000070dc00000, 0x000000070dc00000| Complete 
| 171|0x000000070dd00000, 0x000000070dd00000, 0x000000070de00000|  0%| F|  |TAMS 0x000000070dd00000, 0x000000070dd00000| Untracked 
| 172|0x000000070de00000, 0x000000070de00000, 0x000000070df00000|  0%| F|  |TAMS 0x000000070de00000, 0x000000070de00000| Untracked 
| 173|0x000000070df00000, 0x000000070df00000, 0x000000070e000000|  0%| F|  |TAMS 0x000000070df00000, 0x000000070df00000| Untracked 
| 174|0x000000070e000000, 0x000000070e000000, 0x000000070e100000|  0%| F|  |TAMS 0x000000070e000000, 0x000000070e000000| Untracked 
| 175|0x000000070e100000, 0x000000070e100000, 0x000000070e200000|  0%| F|  |TAMS 0x000000070e100000, 0x000000070e100000| Untracked 
| 176|0x000000070e200000, 0x000000070e200000, 0x000000070e300000|  0%| F|  |TAMS 0x000000070e200000, 0x000000070e200000| Untracked 
| 177|0x000000070e300000, 0x000000070e300000, 0x000000070e400000|  0%| F|  |TAMS 0x000000070e300000, 0x000000070e300000| Untracked 
| 178|0x000000070e400000, 0x000000070e400000, 0x000000070e500000|  0%| F|  |TAMS 0x000000070e400000, 0x000000070e400000| Untracked 
| 179|0x000000070e500000, 0x000000070e500000, 0x000000070e600000|  0%| F|  |TAMS 0x000000070e500000, 0x000000070e500000| Untracked 
| 180|0x000000070e600000, 0x000000070e600000, 0x000000070e700000|  0%| F|  |TAMS 0x000000070e600000, 0x000000070e600000| Untracked 
| 181|0x000000070e700000, 0x000000070e700000, 0x000000070e800000|  0%| F|  |TAMS 0x000000070e700000, 0x000000070e700000| Untracked 
| 182|0x000000070e800000, 0x000000070e800000, 0x000000070e900000|  0%| F|  |TAMS 0x000000070e800000, 0x000000070e800000| Untracked 
| 183|0x000000070e900000, 0x000000070e900000, 0x000000070ea00000|  0%| F|  |TAMS 0x000000070e900000, 0x000000070e900000| Untracked 
| 184|0x000000070ea00000, 0x000000070ea00000, 0x000000070eb00000|  0%| F|  |TAMS 0x000000070ea00000, 0x000000070ea00000| Untracked 
| 185|0x000000070eb00000, 0x000000070eb00000, 0x000000070ec00000|  0%| F|  |TAMS 0x000000070eb00000, 0x000000070eb00000| Untracked 
| 186|0x000000070ec00000, 0x000000070ec00000, 0x000000070ed00000|  0%| F|  |TAMS 0x000000070ec00000, 0x000000070ec00000| Untracked 
| 187|0x000000070ed00000, 0x000000070ed00000, 0x000000070ee00000|  0%| F|  |TAMS 0x000000070ed00000, 0x000000070ed00000| Untracked 
| 188|0x000000070ee00000, 0x000000070ee00000, 0x000000070ef00000|  0%| F|  |TAMS 0x000000070ee00000, 0x000000070ee00000| Untracked 
| 189|0x000000070ef00000, 0x000000070ef00000, 0x000000070f000000|  0%| F|  |TAMS 0x000000070ef00000, 0x000000070ef00000| Untracked 
| 190|0x000000070f000000, 0x000000070f000000, 0x000000070f100000|  0%| F|  |TAMS 0x000000070f000000, 0x000000070f000000| Untracked 
| 191|0x000000070f100000, 0x000000070f100000, 0x000000070f200000|  0%| F|  |TAMS 0x000000070f100000, 0x000000070f100000| Untracked 
| 192|0x000000070f200000, 0x000000070f200000, 0x000000070f300000|  0%| F|  |TAMS 0x000000070f200000, 0x000000070f200000| Untracked 
| 193|0x000000070f300000, 0x000000070f300000, 0x000000070f400000|  0%| F|  |TAMS 0x000000070f300000, 0x000000070f300000| Untracked 
| 194|0x000000070f400000, 0x000000070f400000, 0x000000070f500000|  0%| F|  |TAMS 0x000000070f400000, 0x000000070f400000| Untracked 
| 195|0x000000070f500000, 0x000000070f500000, 0x000000070f600000|  0%| F|  |TAMS 0x000000070f500000, 0x000000070f500000| Untracked 
| 196|0x000000070f600000, 0x000000070f600000, 0x000000070f700000|  0%| F|  |TAMS 0x000000070f600000, 0x000000070f600000| Untracked 
| 197|0x000000070f700000, 0x000000070f762860, 0x000000070f800000| 38%| E|  |TAMS 0x000000070f700000, 0x000000070f700000| Complete 
| 198|0x000000070f800000, 0x000000070f900000, 0x000000070f900000|100%| E|CS|TAMS 0x000000070f800000, 0x000000070f800000| Complete 
| 199|0x000000070f900000, 0x000000070fa00000, 0x000000070fa00000|100%| E|CS|TAMS 0x000000070f900000, 0x000000070f900000| Complete 
| 200|0x000000070fa00000, 0x000000070fb00000, 0x000000070fb00000|100%| E|CS|TAMS 0x000000070fa00000, 0x000000070fa00000| Complete 
| 201|0x000000070fb00000, 0x000000070fc00000, 0x000000070fc00000|100%| E|CS|TAMS 0x000000070fb00000, 0x000000070fb00000| Complete 
| 202|0x000000070fc00000, 0x000000070fd00000, 0x000000070fd00000|100%| E|CS|TAMS 0x000000070fc00000, 0x000000070fc00000| Complete 
| 203|0x000000070fd00000, 0x000000070fe00000, 0x000000070fe00000|100%| E|CS|TAMS 0x000000070fd00000, 0x000000070fd00000| Complete 
| 204|0x000000070fe00000, 0x000000070ff00000, 0x000000070ff00000|100%| E|CS|TAMS 0x000000070fe00000, 0x000000070fe00000| Complete 
| 205|0x000000070ff00000, 0x0000000710000000, 0x0000000710000000|100%| E|CS|TAMS 0x000000070ff00000, 0x000000070ff00000| Complete 
| 206|0x0000000710000000, 0x0000000710100000, 0x0000000710100000|100%| E|CS|TAMS 0x0000000710000000, 0x0000000710000000| Complete 
| 207|0x0000000710100000, 0x0000000710200000, 0x0000000710200000|100%| E|  |TAMS 0x0000000710100000, 0x0000000710100000| Complete 
| 208|0x0000000710200000, 0x0000000710300000, 0x0000000710300000|100%| E|CS|TAMS 0x0000000710200000, 0x0000000710200000| Complete 
| 209|0x0000000710300000, 0x0000000710400000, 0x0000000710400000|100%| E|CS|TAMS 0x0000000710300000, 0x0000000710300000| Complete 
| 210|0x0000000710400000, 0x0000000710500000, 0x0000000710500000|100%| E|CS|TAMS 0x0000000710400000, 0x0000000710400000| Complete 
| 211|0x0000000710500000, 0x0000000710600000, 0x0000000710600000|100%| E|CS|TAMS 0x0000000710500000, 0x0000000710500000| Complete 
| 212|0x0000000710600000, 0x0000000710700000, 0x0000000710700000|100%| E|CS|TAMS 0x0000000710600000, 0x0000000710600000| Complete 
| 213|0x0000000710700000, 0x0000000710800000, 0x0000000710800000|100%| E|CS|TAMS 0x0000000710700000, 0x0000000710700000| Complete 
| 214|0x0000000710800000, 0x0000000710900000, 0x0000000710900000|100%| E|CS|TAMS 0x0000000710800000, 0x0000000710800000| Complete 
| 215|0x0000000710900000, 0x0000000710a00000, 0x0000000710a00000|100%| E|CS|TAMS 0x0000000710900000, 0x0000000710900000| Complete 
| 216|0x0000000710a00000, 0x0000000710b00000, 0x0000000710b00000|100%| E|CS|TAMS 0x0000000710a00000, 0x0000000710a00000| Complete 
| 217|0x0000000710b00000, 0x0000000710c00000, 0x0000000710c00000|100%| E|CS|TAMS 0x0000000710b00000, 0x0000000710b00000| Complete 
| 218|0x0000000710c00000, 0x0000000710d00000, 0x0000000710d00000|100%| E|CS|TAMS 0x0000000710c00000, 0x0000000710c00000| Complete 
| 219|0x0000000710d00000, 0x0000000710e00000, 0x0000000710e00000|100%| E|CS|TAMS 0x0000000710d00000, 0x0000000710d00000| Complete 
| 220|0x0000000710e00000, 0x0000000710f00000, 0x0000000710f00000|100%| E|CS|TAMS 0x0000000710e00000, 0x0000000710e00000| Complete 
| 221|0x0000000710f00000, 0x0000000711000000, 0x0000000711000000|100%| E|CS|TAMS 0x0000000710f00000, 0x0000000710f00000| Complete 
| 222|0x0000000711000000, 0x0000000711100000, 0x0000000711100000|100%| E|CS|TAMS 0x0000000711000000, 0x0000000711000000| Complete 
| 223|0x0000000711100000, 0x0000000711200000, 0x0000000711200000|100%| E|CS|TAMS 0x0000000711100000, 0x0000000711100000| Complete 
| 224|0x0000000711200000, 0x0000000711300000, 0x0000000711300000|100%| E|CS|TAMS 0x0000000711200000, 0x0000000711200000| Complete 
| 225|0x0000000711300000, 0x0000000711400000, 0x0000000711400000|100%| E|CS|TAMS 0x0000000711300000, 0x0000000711300000| Complete 
| 226|0x0000000711400000, 0x0000000711500000, 0x0000000711500000|100%| E|CS|TAMS 0x0000000711400000, 0x0000000711400000| Complete 
| 227|0x0000000711500000, 0x0000000711600000, 0x0000000711600000|100%| E|CS|TAMS 0x0000000711500000, 0x0000000711500000| Complete 
| 228|0x0000000711600000, 0x0000000711700000, 0x0000000711700000|100%| E|CS|TAMS 0x0000000711600000, 0x0000000711600000| Complete 
| 229|0x0000000711700000, 0x0000000711800000, 0x0000000711800000|100%| E|CS|TAMS 0x0000000711700000, 0x0000000711700000| Complete 
| 230|0x0000000711800000, 0x0000000711900000, 0x0000000711900000|100%| E|CS|TAMS 0x0000000711800000, 0x0000000711800000| Complete 
| 231|0x0000000711900000, 0x0000000711a00000, 0x0000000711a00000|100%| E|CS|TAMS 0x0000000711900000, 0x0000000711900000| Complete 
| 232|0x0000000711a00000, 0x0000000711b00000, 0x0000000711b00000|100%| E|CS|TAMS 0x0000000711a00000, 0x0000000711a00000| Complete 
| 233|0x0000000711b00000, 0x0000000711c00000, 0x0000000711c00000|100%| E|CS|TAMS 0x0000000711b00000, 0x0000000711b00000| Complete 
| 234|0x0000000711c00000, 0x0000000711d00000, 0x0000000711d00000|100%| E|CS|TAMS 0x0000000711c00000, 0x0000000711c00000| Complete 
| 235|0x0000000711d00000, 0x0000000711e00000, 0x0000000711e00000|100%| E|CS|TAMS 0x0000000711d00000, 0x0000000711d00000| Complete 
| 236|0x0000000711e00000, 0x0000000711f00000, 0x0000000711f00000|100%| E|CS|TAMS 0x0000000711e00000, 0x0000000711e00000| Complete 
| 237|0x0000000711f00000, 0x0000000712000000, 0x0000000712000000|100%| E|CS|TAMS 0x0000000711f00000, 0x0000000711f00000| Complete 
| 238|0x0000000712000000, 0x0000000712100000, 0x0000000712100000|100%| E|CS|TAMS 0x0000000712000000, 0x0000000712000000| Complete 
| 239|0x0000000712100000, 0x0000000712200000, 0x0000000712200000|100%| E|CS|TAMS 0x0000000712100000, 0x0000000712100000| Complete 
| 240|0x0000000712200000, 0x0000000712300000, 0x0000000712300000|100%| E|CS|TAMS 0x0000000712200000, 0x0000000712200000| Complete 
| 241|0x0000000712300000, 0x0000000712400000, 0x0000000712400000|100%| E|CS|TAMS 0x0000000712300000, 0x0000000712300000| Complete 
| 242|0x0000000712400000, 0x0000000712500000, 0x0000000712500000|100%| E|CS|TAMS 0x0000000712400000, 0x0000000712400000| Complete 
| 243|0x0000000712500000, 0x0000000712600000, 0x0000000712600000|100%| E|CS|TAMS 0x0000000712500000, 0x0000000712500000| Complete 
| 244|0x0000000712600000, 0x0000000712700000, 0x0000000712700000|100%| E|CS|TAMS 0x0000000712600000, 0x0000000712600000| Complete 
| 245|0x0000000712700000, 0x0000000712800000, 0x0000000712800000|100%| E|CS|TAMS 0x0000000712700000, 0x0000000712700000| Complete 
| 246|0x0000000712800000, 0x0000000712900000, 0x0000000712900000|100%| E|CS|TAMS 0x0000000712800000, 0x0000000712800000| Complete 
| 247|0x0000000712900000, 0x0000000712a00000, 0x0000000712a00000|100%| E|CS|TAMS 0x0000000712900000, 0x0000000712900000| Complete 
| 248|0x0000000712a00000, 0x0000000712b00000, 0x0000000712b00000|100%| E|CS|TAMS 0x0000000712a00000, 0x0000000712a00000| Complete 
| 249|0x0000000712b00000, 0x0000000712c00000, 0x0000000712c00000|100%| E|CS|TAMS 0x0000000712b00000, 0x0000000712b00000| Complete 
| 250|0x0000000712c00000, 0x0000000712d00000, 0x0000000712d00000|100%| E|CS|TAMS 0x0000000712c00000, 0x0000000712c00000| Complete 
| 251|0x0000000712d00000, 0x0000000712e00000, 0x0000000712e00000|100%| E|CS|TAMS 0x0000000712d00000, 0x0000000712d00000| Complete 
| 252|0x0000000712e00000, 0x0000000712f00000, 0x0000000712f00000|100%| E|CS|TAMS 0x0000000712e00000, 0x0000000712e00000| Complete 
| 253|0x0000000712f00000, 0x0000000713000000, 0x0000000713000000|100%| E|CS|TAMS 0x0000000712f00000, 0x0000000712f00000| Complete 

Card table byte_map: [0x00000281fe670000,0x00000281fee60000] _byte_map_base: 0x00000281fae57000

Marking Bits (Prev, Next): (CMBitMap*) 0x00000281e6853288, (CMBitMap*) 0x00000281e68532c0
 Prev Bits: [0x0000028180000000, 0x0000028183f38000)
 Next Bits: [0x0000028183f40000, 0x0000028187e78000)

Polling page: 0x00000281e4730000

Metaspace:

Usage:
  Non-class:     43.02 MB capacity,    42.42 MB ( 99%) used,   532.42 KB (  1%) free+waste,    81.13 KB ( <1%) overhead. 
      Class:      5.26 MB capacity,     4.98 MB ( 95%) used,   249.67 KB (  5%) free+waste,    33.00 KB ( <1%) overhead. 
       Both:     48.28 MB capacity,    47.40 MB ( 98%) used,   782.09 KB (  2%) free+waste,   114.13 KB ( <1%) overhead. 

Virtual space:
  Non-class space:       44.00 MB reserved,      43.17 MB ( 98%) committed 
      Class space:        1.00 GB reserved,       5.38 MB ( <1%) committed 
             Both:        1.04 GB reserved,      48.55 MB (  5%) committed 

Chunk freelists:
   Non-Class:  3.63 KB
       Class:  0 bytes
        Both:  3.63 KB

CodeHeap 'non-profiled nmethods': size=120000Kb used=3803Kb max_used=3812Kb free=116196Kb
 bounds [0x00000281f6620000, 0x00000281f69f0000, 0x00000281fdb50000]
CodeHeap 'profiled nmethods': size=120000Kb used=11908Kb max_used=11942Kb free=108091Kb
 bounds [0x00000281ef0f0000, 0x00000281efcc0000, 0x00000281f6620000]
CodeHeap 'non-nmethods': size=5760Kb used=1304Kb max_used=1364Kb free=4455Kb
 bounds [0x00000281eeb50000, 0x00000281eedc0000, 0x00000281ef0f0000]
 total_blobs=8463 nmethods=5374 adapters=495
 compilation: enabled
              stopped_count=0, restarted_count=0
 full_count=0

Compilation events (10 events):
Event: 341.919 Thread 0x000002818a98c000 6236       1       org.apache.coyote.http11.Http11Protocol$Http11ConnectionHandler::getProtocol (5 bytes)
Event: 341.919 Thread 0x000002818a98c000 nmethod 6236 0x00000281f688b810 code [0x00000281f688b9c0, 0x00000281f688bad8]
Event: 386.372 Thread 0x000002818a98c000 6237       1       org.apache.catalina.valves.AccessLogValve::getEnabled (5 bytes)
Event: 386.372 Thread 0x000002818a98c000 nmethod 6237 0x00000281f688b490 code [0x00000281f688b640, 0x00000281f688b758]
Event: 436.375 Thread 0x000002818a98c000 6238       3       org.apache.catalina.connector.MapperListener::lifecycleEvent (189 bytes)
Event: 436.376 Thread 0x000002818a98c000 nmethod 6238 0x00000281ef9f3690 code [0x00000281ef9f39c0, 0x00000281ef9f5340]
Event: 436.376 Thread 0x000002818a98c000 6239       3       org.apache.catalina.core.StandardWrapper::backgroundProcess (45 bytes)
Event: 436.377 Thread 0x000002818a98c000 nmethod 6239 0x00000281ef9f2b90 code [0x00000281ef9f2da0, 0x00000281ef9f34d0]
Event: 506.378 Thread 0x000002818a986800 6240       4       sun.nio.cs.StreamEncoder::implFlushBuffer (15 bytes)
Event: 506.381 Thread 0x000002818a986800 nmethod 6240 0x00000281f688ac90 code [0x00000281f688ae60, 0x00000281f688b1c8]

GC Heap History (10 events):
Event: 3.438 GC heap before
{Heap before GC invocations=3 (full 0):
 garbage-first heap   total 260096K, used 72962K [0x0000000703200000, 0x0000000800000000)
  region size 1024K, 71 young (72704K), 6 survivors (6144K)
 Metaspace       used 22818K, capacity 23321K, committed 23472K, reserved 1071104K
  class space    used 2363K, capacity 2494K, committed 2560K, reserved 1048576K
}
Event: 3.445 GC heap after
{Heap after GC invocations=4 (full 0):
 garbage-first heap   total 260096K, used 9815K [0x0000000703200000, 0x0000000800000000)
  region size 1024K, 7 young (7168K), 7 survivors (7168K)
 Metaspace       used 22818K, capacity 23321K, committed 23472K, reserved 1071104K
  class space    used 2363K, capacity 2494K, committed 2560K, reserved 1048576K
}
Event: 5.042 GC heap before
{Heap before GC invocations=4 (full 0):
 garbage-first heap   total 260096K, used 98903K [0x0000000703200000, 0x0000000800000000)
  region size 1024K, 94 young (96256K), 7 survivors (7168K)
 Metaspace       used 31797K, capacity 32573K, committed 32816K, reserved 1079296K
  class space    used 3329K, capacity 3585K, committed 3712K, reserved 1048576K
}
Event: 5.052 GC heap after
{Heap after GC invocations=5 (full 0):
 garbage-first heap   total 260096K, used 15953K [0x0000000703200000, 0x0000000800000000)
  region size 1024K, 12 young (12288K), 12 survivors (12288K)
 Metaspace       used 31797K, capacity 32573K, committed 32816K, reserved 1079296K
  class space    used 3329K, capacity 3585K, committed 3712K, reserved 1048576K
}
Event: 5.478 GC heap before
{Heap before GC invocations=5 (full 0):
 garbage-first heap   total 260096K, used 159313K [0x0000000703200000, 0x0000000800000000)
  region size 1024K, 152 young (155648K), 12 survivors (12288K)
 Metaspace       used 31881K, capacity 32638K, committed 32816K, reserved 1079296K
  class space    used 3330K, capacity 3585K, committed 3712K, reserved 1048576K
}
Event: 5.486 GC heap after
{Heap after GC invocations=6 (full 0):
 garbage-first heap   total 260096K, used 16739K [0x0000000703200000, 0x0000000800000000)
  region size 1024K, 11 young (11264K), 11 survivors (11264K)
 Metaspace       used 31881K, capacity 32638K, committed 32816K, reserved 1079296K
  class space    used 3330K, capacity 3585K, committed 3712K, reserved 1048576K
}
Event: 5.835 GC heap before
{Heap before GC invocations=6 (full 0):
 garbage-first heap   total 260096K, used 161123K [0x0000000703200000, 0x0000000800000000)
  region size 1024K, 152 young (155648K), 11 survivors (11264K)
 Metaspace       used 31893K, capacity 32702K, committed 33072K, reserved 1079296K
  class space    used 3330K, capacity 3585K, committed 3712K, reserved 1048576K
}
Event: 5.840 GC heap after
{Heap after GC invocations=7 (full 0):
 garbage-first heap   total 260096K, used 16411K [0x0000000703200000, 0x0000000800000000)
  region size 1024K, 10 young (10240K), 10 survivors (10240K)
 Metaspace       used 31893K, capacity 32702K, committed 33072K, reserved 1079296K
  class space    used 3330K, capacity 3585K, committed 3712K, reserved 1048576K
}
Event: 16.928 GC heap before
{Heap before GC invocations=7 (full 0):
 garbage-first heap   total 260096K, used 100379K [0x0000000703200000, 0x0000000800000000)
  region size 1024K, 93 young (95232K), 10 survivors (10240K)
 Metaspace       used 34813K, capacity 35672K, committed 35888K, reserved 1081344K
  class space    used 3660K, capacity 3959K, committed 3968K, reserved 1048576K
}
Event: 16.938 GC heap after
{Heap after GC invocations=8 (full 0):
 garbage-first heap   total 260096K, used 24491K [0x0000000703200000, 0x0000000800000000)
  region size 1024K, 18 young (18432K), 18 survivors (18432K)
 Metaspace       used 34813K, capacity 35672K, committed 35888K, reserved 1081344K
  class space    used 3660K, capacity 3959K, committed 3968K, reserved 1048576K
}

Deoptimization events (10 events):
Event: 22.178 Thread 0x00000281906af000 Uncommon trap: reason=class_check action=maybe_recompile pc=0x00000281f67a1230 method=java.util.Collections$UnmodifiableMap$UnmodifiableEntrySet$UnmodifiableEntry.getValue()Ljava/lang/Object; @ 4 c2
Event: 22.179 Thread 0x00000281906af000 Uncommon trap: reason=class_check action=maybe_recompile pc=0x00000281f6795438 method=java.util.Collections$UnmodifiableMap$UnmodifiableEntrySet$1.hasNext()Z @ 4 c2
Event: 22.179 Thread 0x00000281906af000 Uncommon trap: reason=class_check action=maybe_recompile pc=0x00000281f6798b78 method=java.util.Collections$UnmodifiableMap$UnmodifiableEntrySet$1.next()Ljava/util/Map$Entry; @ 8 c2
Event: 22.179 Thread 0x00000281906af000 Uncommon trap: reason=class_check action=maybe_recompile pc=0x00000281f67a0f30 method=java.util.Collections$UnmodifiableMap$UnmodifiableEntrySet$UnmodifiableEntry.getKey()Ljava/lang/Object; @ 4 c2
Event: 22.179 Thread 0x00000281906af000 Uncommon trap: reason=class_check action=maybe_recompile pc=0x00000281f6798b78 method=java.util.Collections$UnmodifiableMap$UnmodifiableEntrySet$1.next()Ljava/util/Map$Entry; @ 8 c2
Event: 22.179 Thread 0x00000281906af000 Uncommon trap: reason=class_check action=maybe_recompile pc=0x00000281f67a0f30 method=java.util.Collections$UnmodifiableMap$UnmodifiableEntrySet$UnmodifiableEntry.getKey()Ljava/lang/Object; @ 4 c2
Event: 22.208 Thread 0x00000281906af000 Uncommon trap: reason=class_check action=maybe_recompile pc=0x00000281f679e5c8 method=java.lang.ThreadLocal$ThreadLocalMap.getEntryAfterMiss(Ljava/lang/ThreadLocal;ILjava/lang/ThreadLocal$ThreadLocalMap$Entry;)Ljava/lang/ThreadLocal$ThreadLocalMap$Entry; 
Event: 22.208 Thread 0x00000281906af000 Uncommon trap: reason=class_check action=maybe_recompile pc=0x00000281f679dcdc method=java.lang.ThreadLocal$ThreadLocalMap.getEntryAfterMiss(Ljava/lang/ThreadLocal;ILjava/lang/ThreadLocal$ThreadLocalMap$Entry;)Ljava/lang/ThreadLocal$ThreadLocalMap$Entry; 
Event: 26.354 Thread 0x00000281906a9800 Uncommon trap: reason=unstable_if action=reinterpret pc=0x00000281f674cea0 method=java.nio.charset.CharsetEncoder.encode(Ljava/nio/CharBuffer;Ljava/nio/ByteBuffer;Z)Ljava/nio/charset/CoderResult; @ 15 c2
Event: 69.681 Thread 0x000002818ad1d800 Uncommon trap: reason=unstable_if action=reinterpret pc=0x00000281f68d2eb4 method=jdk.internal.org.objectweb.asm.Frame.execute(IILjdk/internal/org/objectweb/asm/ClassWriter;Ljdk/internal/org/objectweb/asm/Item;)V @ 1 c2

Classes redefined (0 events):
No events

Internal exceptions (10 events):
Event: 82.249 Thread 0x00000281906a8800 Exception <a 'java/net/SocketTimeoutException'{0x0000000711d795f8}: Read timed out> (0x0000000711d795f8) thrown at [t:/workspace/open/src/hotspot/share/prims/jni.cpp, line 636]
Event: 82.249 Thread 0x00000281906aa000 Exception <a 'java/net/SocketTimeoutException'{0x0000000711bd8e68}: Read timed out> (0x0000000711bd8e68) thrown at [t:/workspace/open/src/hotspot/share/prims/jni.cpp, line 636]
Event: 139.797 Thread 0x000002818ad1d800 Exception <a 'java/net/SocketTimeoutException'{0x000000070fbb0b28}: Read timed out> (0x000000070fbb0b28) thrown at [t:/workspace/open/src/hotspot/share/prims/jni.cpp, line 636]
Event: 239.667 Thread 0x00000281906af000 Exception <a 'java/net/SocketTimeoutException'{0x000000070fa51968}: Read timed out> (0x000000070fa51968) thrown at [t:/workspace/open/src/hotspot/share/prims/jni.cpp, line 636]
Event: 330.970 Thread 0x00000281906ac000 Exception <a 'java/net/SocketTimeoutException'{0x000000070fbc34f8}: Read timed out> (0x000000070fbc34f8) thrown at [t:/workspace/open/src/hotspot/share/prims/jni.cpp, line 636]
Event: 330.972 Thread 0x000002818ad1d000 Exception <a 'java/net/SocketTimeoutException'{0x000000070f9e7f48}: Read timed out> (0x000000070f9e7f48) thrown at [t:/workspace/open/src/hotspot/share/prims/jni.cpp, line 636]
Event: 330.976 Thread 0x000002818ad1d800 Exception <a 'java/net/SocketTimeoutException'{0x000000070fbb2460}: Read timed out> (0x000000070fbb2460) thrown at [t:/workspace/open/src/hotspot/share/prims/jni.cpp, line 636]
Event: 330.977 Thread 0x00000281906ac800 Exception <a 'java/net/SocketTimeoutException'{0x0000000711f3d148}: Read timed out> (0x0000000711f3d148) thrown at [t:/workspace/open/src/hotspot/share/prims/jni.cpp, line 636]
Event: 336.683 Thread 0x00000281906ab000 Exception <a 'java/net/SocketTimeoutException'{0x000000070f80d5d0}: Read timed out> (0x000000070f80d5d0) thrown at [t:/workspace/open/src/hotspot/share/prims/jni.cpp, line 636]
Event: 341.919 Thread 0x000002818ad1b800 Exception <a 'java/net/SocketTimeoutException'{0x000000070f85be58}: Read timed out> (0x000000070f85be58) thrown at [t:/workspace/open/src/hotspot/share/prims/jni.cpp, line 636]

Events (10 events):
Event: 330.977 Thread 0x00000281906ac800 DEOPT UNPACKING pc=0x00000281eeb8d6ce sp=0x0000009027bfe6c8 mode 1
Event: 336.683 Thread 0x00000281906ab000 DEOPT PACKING pc=0x00000281ef7421f4 sp=0x00000090278fe9d0
Event: 336.683 Thread 0x00000281906ab000 DEOPT UNPACKING pc=0x00000281eeb8d6ce sp=0x00000090278fdeb8 mode 1
Event: 336.683 Thread 0x00000281906ab000 DEOPT PACKING pc=0x00000281ef70a5b4 sp=0x00000090278feb20
Event: 336.683 Thread 0x00000281906ab000 DEOPT UNPACKING pc=0x00000281eeb8d6ce sp=0x00000090278fdff8 mode 1
Event: 341.919 Thread 0x000002818ad1b800 DEOPT PACKING pc=0x00000281ef7421f4 sp=0x0000009027ffec80
Event: 341.919 Thread 0x000002818ad1b800 DEOPT UNPACKING pc=0x00000281eeb8d6ce sp=0x0000009027ffe168 mode 1
Event: 341.919 Thread 0x000002818ad1b800 DEOPT PACKING pc=0x00000281ef70a5b4 sp=0x0000009027ffedd0
Event: 341.919 Thread 0x000002818ad1b800 DEOPT UNPACKING pc=0x00000281eeb8d6ce sp=0x0000009027ffe2a8 mode 1
Event: 522.395 Thread 0x000002818ac97000 Thread exited: 0x000002818ac97000


Dynamic libraries:
0x00007ff6cf9c0000 - 0x00007ff6cfa07000 	C:\Java\jdk-11.0.5\bin\java.exe
0x00007ffacf7a0000 - 0x00007ffacf990000 	C:\Windows\SYSTEM32\ntdll.dll
0x00007ffacf5e0000 - 0x00007ffacf692000 	C:\Windows\System32\KERNEL32.DLL
0x00007ffacd2a0000 - 0x00007ffacd545000 	C:\Windows\System32\KERNELBASE.dll
0x00007ffacd9f0000 - 0x00007ffacda93000 	C:\Windows\System32\ADVAPI32.dll
0x00007ffacdd30000 - 0x00007ffacddce000 	C:\Windows\System32\msvcrt.dll
0x00007ffacdc90000 - 0x00007ffacdd27000 	C:\Windows\System32\sechost.dll
0x00007ffacdb70000 - 0x00007ffacdc90000 	C:\Windows\System32\RPCRT4.dll
0x00007ffacf2c0000 - 0x00007ffacf455000 	C:\Windows\System32\USER32.dll
0x00007ffacd5f0000 - 0x00007ffacd611000 	C:\Windows\System32\win32u.dll
0x00007ffacf5b0000 - 0x00007ffacf5d6000 	C:\Windows\System32\GDI32.dll
0x00007ffacc8d0000 - 0x00007ffacca66000 	C:\Windows\System32\gdi32full.dll
0x00007ffacc7b0000 - 0x00007ffacc84e000 	C:\Windows\System32\msvcp_win.dll
0x00007ffacd620000 - 0x00007ffacd71a000 	C:\Windows\System32\ucrtbase.dll
0x00007ffab6a30000 - 0x00007ffab6cb4000 	C:\Windows\WinSxS\amd64_microsoft.windows.common-controls_6595b64144ccf1df_6.0.18362.1082_none_9e8193e1e45b25c1\COMCTL32.dll
0x00007ffac69f0000 - 0x00007ffac69fa000 	C:\Windows\SYSTEM32\VERSION.dll
0x00007ffacedd0000 - 0x00007ffacf105000 	C:\Windows\System32\combase.dll
0x00007ffacc850000 - 0x00007ffacc8d0000 	C:\Windows\System32\bcryptPrimitives.dll
0x00007ffacf6d0000 - 0x00007ffacf6fe000 	C:\Windows\System32\IMM32.DLL
0x00007ffabbc80000 - 0x00007ffabbc96000 	C:\Java\jdk-11.0.5\bin\vcruntime140.dll
0x00007ffa9b3b0000 - 0x00007ffa9b45a000 	C:\Java\jdk-11.0.5\bin\msvcp140.dll
0x00007ffa65dd0000 - 0x00007ffa668f8000 	C:\Java\jdk-11.0.5\bin\server\jvm.dll
0x00007ffacdaa0000 - 0x00007ffacdaa8000 	C:\Windows\System32\PSAPI.DLL
0x00007ffac7c90000 - 0x00007ffac7cb4000 	C:\Windows\SYSTEM32\WINMM.dll
0x00007ffab6d30000 - 0x00007ffab6d39000 	C:\Windows\SYSTEM32\WSOCK32.dll
0x00007ffacf110000 - 0x00007ffacf17f000 	C:\Windows\System32\WS2_32.dll
0x00007ffac7c40000 - 0x00007ffac7c6d000 	C:\Windows\SYSTEM32\WINMMBASE.dll
0x00007ffacd570000 - 0x00007ffacd5ba000 	C:\Windows\System32\cfgmgr32.dll
0x00007ffacc6f0000 - 0x00007ffacc701000 	C:\Windows\System32\kernel.appcore.dll
0x00007ffac60b0000 - 0x00007ffac60c1000 	C:\Java\jdk-11.0.5\bin\verify.dll
0x00007ffac8f20000 - 0x00007ffac9114000 	C:\Windows\SYSTEM32\DBGHELP.DLL
0x00007ffab8fe0000 - 0x00007ffab900a000 	C:\Windows\SYSTEM32\dbgcore.DLL
0x00007ffaaf710000 - 0x00007ffaaf739000 	C:\Java\jdk-11.0.5\bin\java.dll
0x00007ffaa7650000 - 0x00007ffaa7687000 	C:\Java\jdk-11.0.5\bin\jdwp.dll
0x00007ffabf7f0000 - 0x00007ffabf81f000 	C:\Java\jdk-11.0.5\bin\instrument.dll
0x00007ffaaa260000 - 0x00007ffaaa276000 	C:\Java\jdk-11.0.5\bin\zip.dll
0x00007ffac86b0000 - 0x00007ffac86ba000 	C:\Java\jdk-11.0.5\bin\jimage.dll
0x00007ffacdf80000 - 0x00007fface667000 	C:\Windows\System32\SHELL32.dll
0x00007ffacd8d0000 - 0x00007ffacd979000 	C:\Windows\System32\shcore.dll
0x00007ffacca70000 - 0x00007ffacd1f0000 	C:\Windows\System32\windows.storage.dll
0x00007ffacc780000 - 0x00007ffacc7a3000 	C:\Windows\System32\profapi.dll
0x00007ffacc730000 - 0x00007ffacc77a000 	C:\Windows\System32\powrprof.dll
0x00007ffacc6e0000 - 0x00007ffacc6f0000 	C:\Windows\System32\UMPDC.dll
0x00007ffacdab0000 - 0x00007ffacdb02000 	C:\Windows\System32\shlwapi.dll
0x00007ffacd550000 - 0x00007ffacd567000 	C:\Windows\System32\cryptsp.dll
0x00007ffac9380000 - 0x00007ffac938a000 	C:\Java\jdk-11.0.5\bin\dt_socket.dll
0x00007ffabe8c0000 - 0x00007ffabe9b8000 	C:\Windows\Netease\UU\uu_lsp64.dll
0x00007ffacd780000 - 0x00007ffacd8c9000 	C:\Windows\System32\CRYPT32.dll
0x00007ffacc710000 - 0x00007ffacc722000 	C:\Windows\System32\MSASN1.dll
0x00007ffacbc40000 - 0x00007ffacbc7a000 	C:\Windows\SYSTEM32\IPHLPAPI.DLL
0x00007ffacbf30000 - 0x00007ffacbf97000 	C:\Windows\system32\mswsock.dll
0x00007ffacbaa0000 - 0x00007ffacbad3000 	C:\Windows\system32\rsaenh.dll
0x00007ffacd5c0000 - 0x00007ffacd5e6000 	C:\Windows\System32\bcrypt.dll
0x00007ffacc100000 - 0x00007ffacc10c000 	C:\Windows\SYSTEM32\CRYPTBASE.dll
0x00007ffaa8330000 - 0x00007ffaa8349000 	C:\Java\jdk-11.0.5\bin\net.dll
0x00007ffac3b70000 - 0x00007ffac3c60000 	C:\Windows\SYSTEM32\WINHTTP.dll
0x00007ffaa6ec0000 - 0x00007ffaa6ed3000 	C:\Java\jdk-11.0.5\bin\nio.dll
0x00007ffacc5c0000 - 0x00007ffacc5e5000 	C:\Windows\SYSTEM32\USERENV.dll
0x00007fface720000 - 0x00007fface728000 	C:\Windows\System32\NSI.dll
0x00007ffac6a60000 - 0x00007ffac6a76000 	C:\Windows\SYSTEM32\dhcpcsvc6.DLL
0x00007ffac58c0000 - 0x00007ffac58dc000 	C:\Windows\SYSTEM32\dhcpcsvc.DLL
0x00007ffacbc80000 - 0x00007ffacbd4b000 	C:\Windows\SYSTEM32\DNSAPI.dll
0x00007ffac7e90000 - 0x00007ffac7e9a000 	C:\Users\86186\AppData\Local\Temp\jansi-1.17.1-4513311750684136009.dll
0x00007ffac79d0000 - 0x00007ffac79da000 	C:\Users\86186\AppData\Local\Temp\jansi-1.17.1-3170680695592191016.dll
0x00007ffac8510000 - 0x00007ffac8519000 	C:\Java\jdk-11.0.5\bin\management.dll
0x00007ffac7f40000 - 0x00007ffac7f4c000 	C:\Java\jdk-11.0.5\bin\management_ext.dll
0x00007ffac4a00000 - 0x00007ffac4a0a000 	C:\Windows\System32\rasadhlp.dll
0x00007ffac5000000 - 0x00007ffac5077000 	C:\Windows\System32\fwpuclnt.dll
0x00007ffac65e0000 - 0x00007ffac65ed000 	C:\Java\jdk-11.0.5\bin\sunmscapi.dll
0x00007ffacc200000 - 0x00007ffacc226000 	C:\Windows\SYSTEM32\ncrypt.dll
0x00007ffacc1c0000 - 0x00007ffacc1fb000 	C:\Windows\SYSTEM32\NTASN1.dll
0x00007ffa9b280000 - 0x00007ffa9b2a7000 	C:\Java\jdk-11.0.5\bin\sunec.dll

dbghelp: loaded successfully - version: 4.0.5 - missing functions: none
symbol engine: initialized successfully - sym options: 0x614 - pdb path: .;C:\Java\jdk-11.0.5\bin;C:\Windows\SYSTEM32;C:\Windows\WinSxS\amd64_microsoft.windows.common-controls_6595b64144ccf1df_6.0.18362.1082_none_9e8193e1e45b25c1;C:\Java\jdk-11.0.5\bin\server;C:\Windows\Netease\UU;C:\Users\86186\AppData\Local\Temp

VM Arguments:
jvm_args: -agentlib:jdwp=transport=dt_socket,address=127.0.0.1:2019,suspend=y,server=n -Dmaven.multiModuleProjectDirectory=D:\iedaworkspace\travel -DarchetypeCatalog=internal -Dmaven.home=C:\Java\maven\apache-maven-3.6.3 -Dclassworlds.conf=C:\Java\maven\apache-maven-3.6.3\bin\m2.conf -Dmaven.ext.class.path=C:\Java\ieda\IntelliJ IDEA 2019.3.1\plugins\maven\lib\maven-event-listener.jar -javaagent:C:\Users\86186\.IntelliJIdea2019.3\system\captureAgent\debugger-agent.jar -Dfile.encoding=UTF-8 
java_command: org.codehaus.classworlds.Launcher -Didea.version2019.3.1 -s C:\Java\maven\apache-maven-3.6.3\conf\settings.xml -Dmaven.repo.local=D:\maven\repository tomcat7:run
java_class_path (initial): C:\Java\maven\apache-maven-3.6.3\boot\plexus-classworlds-2.6.0.jar;C:\Java\maven\apache-maven-3.6.3\boot\plexus-classworlds.license;C:\Java\ieda\IntelliJ IDEA 2019.3.1\lib\idea_rt.jar
Launcher Type: SUN_STANDARD

[Global flags]
     intx CICompilerCount                          = 4                                         {product} {ergonomic}
     uint ConcGCThreads                            = 2                                         {product} {ergonomic}
     uint G1ConcRefinementThreads                  = 8                                         {product} {ergonomic}
   size_t G1HeapRegionSize                         = 1048576                                   {product} {ergonomic}
    uintx GCDrainStackTargetSize                   = 64                                        {product} {ergonomic}
   size_t InitialHeapSize                          = 266338304                                 {product} {ergonomic}
   size_t MarkStackSize                            = 4194304                                   {product} {ergonomic}
   size_t MaxHeapSize                              = 4242538496                                {product} {ergonomic}
   size_t MaxNewSize                               = 2544893952                                {product} {ergonomic}
   size_t MinHeapDeltaBytes                        = 1048576                                   {product} {ergonomic}
    uintx NonNMethodCodeHeapSize                   = 5836300                                {pd product} {ergonomic}
    uintx NonProfiledCodeHeapSize                  = 122910970                              {pd product} {ergonomic}
    uintx ProfiledCodeHeapSize                     = 122910970                              {pd product} {ergonomic}
    uintx ReservedCodeCacheSize                    = 251658240                              {pd product} {ergonomic}
     bool SegmentedCodeCache                       = true                                      {product} {ergonomic}
     bool UseCompressedClassPointers               = true                                 {lp64_product} {ergonomic}
     bool UseCompressedOops                        = true                                 {lp64_product} {ergonomic}
     bool UseG1GC                                  = true                                      {product} {ergonomic}
     bool UseLargePagesIndividualAllocation        = false                                  {pd product} {ergonomic}

Logging:
Log output configuration:
 #0: stdout all=warning uptime,level,tags
 #1: stderr all=off uptime,level,tags

Environment Variables:
JAVA_HOME=C:\Java\jdk-11.0.5
CLASSPATH=C:\tomcat\apache-tomcat-8.5.54\lib\servlet-api.jar
PATH=D:\vmware\bin\;C:\Program Files (x86)\Intel\iCLS Client\;C:\Program Files\Intel\iCLS Client\;C:\Windows\system32;C:\Windows;C:\Windows\System32\Wbem;C:\Windows\System32\WindowsPowerShell\v1.0\;C:\Program Files (x86)\Intel\Intel(R) Management Engine Components\DAL;C:\Program Files\Intel\Intel(R) Management Engine Components\DAL;C:\Program Files (x86)\Intel\Intel(R) Management Engine Components\IPT;C:\Program Files\Intel\Intel(R) Management Engine Components\IPT;C:\Program Files (x86)\NVIDIA Corporation\PhysX\Common;C:\Program Files\Intel\WiFi\bin\;C:\Program Files\Common Files\Intel\WirelessCommon\;C:\Windows\system32;C:\Windows;C:\Windows\System32\Wbem;C:\Windows\System32\WindowsPowerShell\v1.0\;C:\Windows\System32\OpenSSH\;C:\Program Files\NVIDIA Corporation\NVIDIA NvDLISR;C:\Java\jdk-11.0.5\bin;C:\mysql\mysql-8.0.19-winx64\bin;%CATALINA_HOME%\bin;C:\tomcat\apache-tomcat-8.5.54\bin;C:\git\Git\cmd;C:\Java\maven\apache-maven-3.6.3\bin;C:\node\;C:\Users\86186\AppData\Local\Microsoft\WindowsApps;C:\Users\86186\AppData\Roaming\npm
USERNAME=86186
OS=Windows_NT
PROCESSOR_IDENTIFIER=Intel64 Family 6 Model 94 Stepping 3, GenuineIntel



---------------  S Y S T E M  ---------------

OS: Windows 10 , 64 bit Build 18362 (10.0.18362.1082)

CPU:total 8 (initial active 8) (4 cores per cpu, 2 threads per core) family 6 model 94 stepping 3, cmov, cx8, fxsr, mmx, sse, sse2, sse3, ssse3, sse4.1, sse4.2, popcnt, avx, avx2, aes, clmul, erms, rtm, 3dnowpref, lzcnt, ht, tsc, tscinvbit, bmi1, bmi2, adx, fma

Memory: 4k page, system-wide physical 16178M (7724M free)
TotalPageFile size 21298M (AvailPageFile size 11110M)
current process WorkingSet (physical memory assigned to process): 302M, peak: 340M
current process commit charge ("private bytes"): 425M, peak: 465M

vm_info: Java HotSpot(TM) 64-Bit Server VM (11.0.5+10-LTS) for windows-amd64 JRE (11.0.5+10-LTS), built on Oct  6 2019 12:37:14 by "mach5one" with MS VC++ 15.5 (VS2017)

END.
